
**** Build of configuration Debug for project Ram Based ****

"c:\\ti\\ccsv6\\utils\\bin\\gmake" -k all 
'Building file: ../main.c'
'Invoking: C2000 Compiler'
"c:/ti/ccsv6/tools/compiler/c2000_6.2.5/bin/cl2000" -v28 -ml -mt --include_path="c:/ti/ccsv6/tools/compiler/c2000_6.2.5/include" --include_path="C:/Users/Marty/Desktop/F28027/F28027/include" -g --diag_warning=225 --display_error_number --diag_wrap=off --preproc_with_compile --preproc_dependency="main.pp"  "../main.c"
'Finished building: ../main.c'
' '
'Building target: Ram Based.out'
'Invoking: C2000 Linker'
"c:/ti/ccsv6/tools/compiler/c2000_6.2.5/bin/cl2000" -v28 -ml -mt -g --diag_warning=225 --display_error_number --diag_wrap=off -z -m"Ram Based.map" --stack_size=0x300 --warn_sections -i"c:/ti/ccsv6/tools/compiler/c2000_6.2.5/lib" -i"c:/ti/ccsv6/tools/compiler/c2000_6.2.5/include" --reread_libs --display_error_number --diag_wrap=off --xml_link_info="Ram Based_linkInfo.xml" --rom_model -o "Ram Based.out"  "./main.obj" "./F2802x_GlobalVariableDefs.obj" "../28027_RAM_lnk.cmd" "../F2802x_Headers_nonBIOS.cmd" -l"libc.a" 
<Linking>
'Finished building target: Ram Based.out'
' '

**** Build Finished ****

**** Build of configuration Debug for project Ram Based ****

"c:\\ti\\ccsv6\\utils\\bin\\gmake" -k all 
gmake: Nothing to be done for `all'.

**** Build Finished ****

**** Build of configuration Debug for project Ram Based ****

"c:\\ti\\ccsv6\\utils\\bin\\gmake" -k all 
'Building file: ../main.c'
'Invoking: C2000 Compiler'
"c:/ti/ccsv6/tools/compiler/c2000_6.2.5/bin/cl2000" -v28 -ml -mt --include_path="c:/ti/ccsv6/tools/compiler/c2000_6.2.5/include" --include_path="C:/Users/Marty/Desktop/F28027/F28027/include" -g --diag_warning=225 --display_error_number --diag_wrap=off --preproc_with_compile --preproc_dependency="main.pp"  "../main.c"
'Finished building: ../main.c'
' '
'Building target: Ram Based.out'
'Invoking: C2000 Linker'
"c:/ti/ccsv6/tools/compiler/c2000_6.2.5/bin/cl2000" -v28 -ml -mt -g --diag_warning=225 --display_error_number --diag_wrap=off -z -m"Ram Based.map" --stack_size=0x300 --warn_sections -i"c:/ti/ccsv6/tools/compiler/c2000_6.2.5/lib" -i"c:/ti/ccsv6/tools/compiler/c2000_6.2.5/include" --reread_libs --display_error_number --diag_wrap=off --xml_link_info="Ram Based_linkInfo.xml" --rom_model -o "Ram Based.out"  "./main.obj" "./F2802x_GlobalVariableDefs.obj" "../28027_RAM_lnk.cmd" "../F2802x_Headers_nonBIOS.cmd" -l"libc.a" 
<Linking>
'Finished building target: Ram Based.out'
' '

**** Build Finished ****

**** Build of configuration Debug for project Ram Based ****

"c:\\ti\\ccsv6\\utils\\bin\\gmake" -k all 
'Building file: ../main.c'
'Invoking: C2000 Compiler'
"c:/ti/ccsv6/tools/compiler/c2000_6.2.5/bin/cl2000" -v28 -ml -mt --include_path="c:/ti/ccsv6/tools/compiler/c2000_6.2.5/include" --include_path="C:/Users/Marty/Desktop/F28027/F28027/include" -g --diag_warning=225 --display_error_number --diag_wrap=off --preproc_with_compile --preproc_dependency="main.pp"  "../main.c"
'Finished building: ../main.c'
' '
'Building target: Ram Based.out'
'Invoking: C2000 Linker'
"c:/ti/ccsv6/tools/compiler/c2000_6.2.5/bin/cl2000" -v28 -ml -mt -g --diag_warning=225 --display_error_number --diag_wrap=off -z -m"Ram Based.map" --stack_size=0x300 --warn_sections -i"c:/ti/ccsv6/tools/compiler/c2000_6.2.5/lib" -i"c:/ti/ccsv6/tools/compiler/c2000_6.2.5/include" --reread_libs --display_error_number --diag_wrap=off --xml_link_info="Ram Based_linkInfo.xml" --rom_model -o "Ram Based.out"  "./main.obj" "./F2802x_GlobalVariableDefs.obj" "../28027_RAM_lnk.cmd" "../F2802x_Headers_nonBIOS.cmd" -l"libc.a" 
<Linking>
'Finished building target: Ram Based.out'
' '

**** Build Finished ****
